3500 1003485 29
1000-233-192-191-210-496-131-317-137-1000 58 34948
1000-68-64-79-220-372-315-494-186-144-1000 35 34995
1000-173-395-14-300-1000 69 34967
1000-43-23-346-259-130-427-455-1000 89 34979
1000-219-60-325-310-179-356-360-1000 107 34977
1000-19-18-275-273-141-457-349-1000 180 34985
1000-393-432-164-387-420-1000 89 34975
1000-449-392-175-485-1000 123 34958
1000-491-2-484-224-126-127-355-1000 92 34947
1000-339-461-375-497-460-488-489-378-298-486-1000 85 34937
1000-20-412-111-309-481-328-98-1000 148 34995
1000-172-16-265-266-180-232-1-479-1000 125 34979
1000-12-65-284-267-289-1000 122 34933
1000-441-381-124-47-128-84-498-499-500-274-314-198-1000 62 34970
1000-86-63-386-382-135-187-341-305-1000 173 34993
1000-80-285-209-251-248-239-257-470-1000 118 34934
1000-174-340-22-476-256-138-475-37-362-95-423-336-1000 122 34912
1000-26-25-282-286-94-1000 200 34991
1000-8-7-246-411-409-408-228-1000 152 34995
1000-70-44-281-117-1000 133 34990
1000-384-385-118-4-31-374-297-276-1000 118 34982
1000-77-59-62-146-348-466-1000 232 35000
1000-83-438-306-72-136-445-307-53-54-170-52-171-55-456-1000 103 34945
1000-422-379-240-264-467-5-36-327-313-480-184-1000 143 34989
1000-380-76-85-134-249-218-350-316-185-390-104-120-261-469-1000 99 34984
1000-363-400-203-204-482-1000 129 34896
1000-208-344-440-383-464-463-67-99-446-329-1000 125 34949
1000-97-143-35-212-394-241-21-109-217-1000 144 34981
1000-288-365-196-1000 125 24399